c:\users\noolt4\documents\visual studio 2015\projects\space fighters\space fighters\debug\vc140.pdb
c:\users\noolt4\documents\visual studio 2015\projects\space fighters\space fighters\debug\vc140.idb
c:\users\noolt4\documents\visual studio 2015\projects\space fighters\space fighters\debug\space fighters.obj
c:\users\noolt4\documents\visual studio 2015\projects\space fighters\space fighters\debug\stdafx.obj
c:\users\noolt4\documents\visual studio 2015\projects\space fighters\space fighters\debug\actor.obj
c:\users\noolt4\documents\visual studio 2015\projects\space fighters\space fighters\debug\triangle.obj
c:\users\noolt4\documents\visual studio 2015\projects\space fighters\space fighters\debug\shadercompiler.obj
c:\users\noolt4\documents\visual studio 2015\projects\space fighters\space fighters\debug\camera.obj
c:\users\noolt4\documents\visual studio 2015\projects\space fighters\space fighters\debug\playership.obj
c:\users\noolt4\documents\visual studio 2015\projects\space fighters\space fighters\debug\input.obj
c:\users\noolt4\documents\visual studio 2015\projects\space fighters\space fighters\debug\essentials.obj
c:\users\noolt4\documents\visual studio 2015\projects\space fighters\space fighters\debug\particleemitter.obj
c:\users\noolt4\documents\visual studio 2015\projects\space fighters\space fighters\debug\projectile.obj
c:\users\noolt4\documents\visual studio 2015\projects\space fighters\debug\space fighters.ilk
c:\users\noolt4\documents\visual studio 2015\projects\space fighters\debug\space fighters.exe
c:\users\noolt4\documents\visual studio 2015\projects\space fighters\debug\space fighters.pdb
c:\users\noolt4\documents\visual studio 2015\projects\space fighters\space fighters\debug\space fighters.tlog\cl.command.1.tlog
c:\users\noolt4\documents\visual studio 2015\projects\space fighters\space fighters\debug\space fighters.tlog\cl.read.1.tlog
c:\users\noolt4\documents\visual studio 2015\projects\space fighters\space fighters\debug\space fighters.tlog\cl.write.1.tlog
c:\users\noolt4\documents\visual studio 2015\projects\space fighters\space fighters\debug\space fighters.tlog\link.command.1.tlog
c:\users\noolt4\documents\visual studio 2015\projects\space fighters\space fighters\debug\space fighters.tlog\link.read.1.tlog
c:\users\noolt4\documents\visual studio 2015\projects\space fighters\space fighters\debug\space fighters.tlog\link.write.1.tlog
